  menu.c
  Génération de code en cours
  Previous IPDB not found, fall back to full compilation.
  All 7 functions were compiled because no usable IPDB/IOBJ from previous compilation was found.
  Fin de la génération du code
allegro_monolith-static.lib(allegro.obj) : warning LNK4099: PDB 'allegro_monolith.pdb' n'a pu être trouvé avec 'allegro_monolith-static.lib(allegro.obj)' ou sur 'C:\Users\acoup\Desktop\visualstudio\menus\Release\allegro_monolith.pdb' ; l'objet sera lié sans informations de débogage
allegro_monolith-static.lib(bitmap.obj) : warning LNK4099: PDB 'allegro_monolith.pdb' n'a pu être trouvé avec 'allegro_monolith-static.lib(bitmap.obj)' ou sur 'C:\Users\acoup\Desktop\visualstudio\menus\Release\allegro_monolith.pdb' ; l'objet sera lié sans informations de débogage
allegro_monolith-static.lib(bitmap_draw.obj) : warning LNK4099: PDB 'allegro_monolith.pdb' n'a pu être trouvé avec 'allegro_monolith-static.lib(bitmap_draw.obj)' ou sur 'C:\Users\acoup\Desktop\visualstudio\menus\Release\allegro_monolith.pdb' ; l'objet sera lié sans informations de débogage
allegro_monolith-static.lib(bitmap_io.obj) : warning LNK4099: PDB 'allegro_monolith.pdb' n'a pu être trouvé avec 'allegro_monolith-static.lib(bitmap_io.obj)' ou sur 'C:\Users\acoup\Desktop\visualstudio\menus\Release\allegro_monolith.pdb' ; l'objet sera lié sans informations de débogage
allegro_monolith-static.lib(bitmap_lock.obj) : warning LNK4099: PDB 'allegro_monolith.pdb' n'a pu être trouvé avec 'allegro_monolith-static.lib(bitmap_lock.obj)' ou sur 'C:\Users\acoup\Desktop\visualstudio\menus\Release\allegro_monolith.pdb' ; l'objet sera lié sans informations de débogage
allegro_monolith-static.lib(bitmap_pixel.obj) : warning LNK4099: PDB 'allegro_monolith.pdb' n'a pu être trouvé avec 'allegro_monolith-static.lib(bitmap_pixel.obj)' ou sur 'C:\Users\acoup\Desktop\visualstudio\menus\Release\allegro_monolith.pdb' ; l'objet sera lié sans informations de débogage
allegro_monolith-static.lib(bitmap_type.obj) : warning LNK4099: PDB 'allegro_monolith.pdb' n'a pu être trouvé avec 'allegro_monolith-static.lib(bitmap_type.obj)' ou sur 'C:\Users\acoup\Desktop\visualstudio\menus\Release\allegro_monolith.pdb' ; l'objet sera lié sans informations de débogage
allegro_monolith-static.lib(blenders.obj) : warning LNK4099: PDB 'allegro_monolith.pdb' n'a pu être trouvé avec 'allegro_monolith-static.lib(blenders.obj)' ou sur 'C:\Users\acoup\Desktop\visualstudio\menus\Release\allegro_monolith.pdb' ; l'objet sera lié sans informations de débogage
allegro_monolith-static.lib(config.obj) : warning LNK4099: PDB 'allegro_monolith.pdb' n'a pu être trouvé avec 'allegro_monolith-static.lib(config.obj)' ou sur 'C:\Users\acoup\Desktop\visualstudio\menus\Release\allegro_monolith.pdb' ; l'objet sera lié sans informations de débogage
allegro_monolith-static.lib(convert.obj) : warning LNK4099: PDB 'allegro_monolith.pdb' n'a pu être trouvé avec 'allegro_monolith-static.lib(convert.obj)' ou sur 'C:\Users\acoup\Desktop\visualstudio\menus\Release\allegro_monolith.pdb' ; l'objet sera lié sans informations de débogage
allegro_monolith-static.lib(debug.obj) : warning LNK4099: PDB 'allegro_monolith.pdb' n'a pu être trouvé avec 'allegro_monolith-static.lib(debug.obj)' ou sur 'C:\Users\acoup\Desktop\visualstudio\menus\Release\allegro_monolith.pdb' ; l'objet sera lié sans informations de débogage
allegro_monolith-static.lib(display.obj) : warning LNK4099: PDB 'allegro_monolith.pdb' n'a pu être trouvé avec 'allegro_monolith-static.lib(display.obj)' ou sur 'C:\Users\acoup\Desktop\visualstudio\menus\Release\allegro_monolith.pdb' ; l'objet sera lié sans informations de débogage
allegro_monolith-static.lib(display_settings.obj) : warning LNK4099: PDB 'allegro_monolith.pdb' n'a pu être trouvé avec 'allegro_monolith-static.lib(display_settings.obj)' ou sur 'C:\Users\acoup\Desktop\visualstudio\menus\Release\allegro_monolith.pdb' ; l'objet sera lié sans informations de débogage
allegro_monolith-static.lib(drawing.obj) : warning LNK4099: PDB 'allegro_monolith.pdb' n'a pu être trouvé avec 'allegro_monolith-static.lib(drawing.obj)' ou sur 'C:\Users\acoup\Desktop\visualstudio\menus\Release\allegro_monolith.pdb' ; l'objet sera lié sans informations de débogage
allegro_monolith-static.lib(dtor.obj) : warning LNK4099: PDB 'allegro_monolith.pdb' n'a pu être trouvé avec 'allegro_monolith-static.lib(dtor.obj)' ou sur 'C:\Users\acoup\Desktop\visualstudio\menus\Release\allegro_monolith.pdb' ; l'objet sera lié sans informations de débogage
allegro_monolith-static.lib(events.obj) : warning LNK4099: PDB 'allegro_monolith.pdb' n'a pu être trouvé avec 'allegro_monolith-static.lib(events.obj)' ou sur 'C:\Users\acoup\Desktop\visualstudio\menus\Release\allegro_monolith.pdb' ; l'objet sera lié sans informations de débogage
allegro_monolith-static.lib(evtsrc.obj) : warning LNK4099: PDB 'allegro_monolith.pdb' n'a pu être trouvé avec 'allegro_monolith-static.lib(evtsrc.obj)' ou sur 'C:\Users\acoup\Desktop\visualstudio\menus\Release\allegro_monolith.pdb' ; l'objet sera lié sans informations de débogage
allegro_monolith-static.lib(exitfunc.obj) : warning LNK4099: PDB 'allegro_monolith.pdb' n'a pu être trouvé avec 'allegro_monolith-static.lib(exitfunc.obj)' ou sur 'C:\Users\acoup\Desktop\visualstudio\menus\Release\allegro_monolith.pdb' ; l'objet sera lié sans informations de débogage
allegro_monolith-static.lib(file.obj) : warning LNK4099: PDB 'allegro_monolith.pdb' n'a pu être trouvé avec 'allegro_monolith-static.lib(file.obj)' ou sur 'C:\Users\acoup\Desktop\visualstudio\menus\Release\allegro_monolith.pdb' ; l'objet sera lié sans informations de débogage
allegro_monolith-static.lib(file_stdio.obj) : warning LNK4099: PDB 'allegro_monolith.pdb' n'a pu être trouvé avec 'allegro_monolith-static.lib(file_stdio.obj)' ou sur 'C:\Users\acoup\Desktop\visualstudio\menus\Release\allegro_monolith.pdb' ; l'objet sera lié sans informations de débogage
allegro_monolith-static.lib(fshook.obj) : warning LNK4099: PDB 'allegro_monolith.pdb' n'a pu être trouvé avec 'allegro_monolith-static.lib(fshook.obj)' ou sur 'C:\Users\acoup\Desktop\visualstudio\menus\Release\allegro_monolith.pdb' ; l'objet sera lié sans informations de débogage
allegro_monolith-static.lib(fshook_stdio.obj) : warning LNK4099: PDB 'allegro_monolith.pdb' n'a pu être trouvé avec 'allegro_monolith-static.lib(fshook_stdio.obj)' ou sur 'C:\Users\acoup\Desktop\visualstudio\menus\Release\allegro_monolith.pdb' ; l'objet sera lié sans informations de débogage
allegro_monolith-static.lib(fullscreen_mode.obj) : warning LNK4099: PDB 'allegro_monolith.pdb' n'a pu être trouvé avec 'allegro_monolith-static.lib(fullscreen_mode.obj)' ou sur 'C:\Users\acoup\Desktop\visualstudio\menus\Release\allegro_monolith.pdb' ; l'objet sera lié sans informations de débogage
allegro_monolith-static.lib(haptic.obj) : warning LNK4099: PDB 'allegro_monolith.pdb' n'a pu être trouvé avec 'allegro_monolith-static.lib(haptic.obj)' ou sur 'C:\Users\acoup\Desktop\visualstudio\menus\Release\allegro_monolith.pdb' ; l'objet sera lié sans informations de débogage
allegro_monolith-static.lib(joynu.obj) : warning LNK4099: PDB 'allegro_monolith.pdb' n'a pu être trouvé avec 'allegro_monolith-static.lib(joynu.obj)' ou sur 'C:\Users\acoup\Desktop\visualstudio\menus\Release\allegro_monolith.pdb' ; l'objet sera lié sans informations de débogage
allegro_monolith-static.lib(keybdnu.obj) : warning LNK4099: PDB 'allegro_monolith.pdb' n'a pu être trouvé avec 'allegro_monolith-static.lib(keybdnu.obj)' ou sur 'C:\Users\acoup\Desktop\visualstudio\menus\Release\allegro_monolith.pdb' ; l'objet sera lié sans informations de débogage
allegro_monolith-static.lib(libc.obj) : warning LNK4099: PDB 'allegro_monolith.pdb' n'a pu être trouvé avec 'allegro_monolith-static.lib(libc.obj)' ou sur 'C:\Users\acoup\Desktop\visualstudio\menus\Release\allegro_monolith.pdb' ; l'objet sera lié sans informations de débogage
allegro_monolith-static.lib(memblit.obj) : warning LNK4099: PDB 'allegro_monolith.pdb' n'a pu être trouvé avec 'allegro_monolith-static.lib(memblit.obj)' ou sur 'C:\Users\acoup\Desktop\visualstudio\menus\Release\allegro_monolith.pdb' ; l'objet sera lié sans informations de débogage
allegro_monolith-static.lib(memdraw.obj) : warning LNK4099: PDB 'allegro_monolith.pdb' n'a pu être trouvé avec 'allegro_monolith-static.lib(memdraw.obj)' ou sur 'C:\Users\acoup\Desktop\visualstudio\menus\Release\allegro_monolith.pdb' ; l'objet sera lié sans informations de débogage
allegro_monolith-static.lib(memory.obj) : warning LNK4099: PDB 'allegro_monolith.pdb' n'a pu être trouvé avec 'allegro_monolith-static.lib(memory.obj)' ou sur 'C:\Users\acoup\Desktop\visualstudio\menus\Release\allegro_monolith.pdb' ; l'objet sera lié sans informations de débogage
allegro_monolith-static.lib(monitor.obj) : warning LNK4099: PDB 'allegro_monolith.pdb' n'a pu être trouvé avec 'allegro_monolith-static.lib(monitor.obj)' ou sur 'C:\Users\acoup\Desktop\visualstudio\menus\Release\allegro_monolith.pdb' ; l'objet sera lié sans informations de débogage
allegro_monolith-static.lib(mousenu.obj) : warning LNK4099: PDB 'allegro_monolith.pdb' n'a pu être trouvé avec 'allegro_monolith-static.lib(mousenu.obj)' ou sur 'C:\Users\acoup\Desktop\visualstudio\menus\Release\allegro_monolith.pdb' ; l'objet sera lié sans informations de débogage
allegro_monolith-static.lib(path.obj) : warning LNK4099: PDB 'allegro_monolith.pdb' n'a pu être trouvé avec 'allegro_monolith-static.lib(path.obj)' ou sur 'C:\Users\acoup\Desktop\visualstudio\menus\Release\allegro_monolith.pdb' ; l'objet sera lié sans informations de débogage
allegro_monolith-static.lib(pixels.obj) : warning LNK4099: PDB 'allegro_monolith.pdb' n'a pu être trouvé avec 'allegro_monolith-static.lib(pixels.obj)' ou sur 'C:\Users\acoup\Desktop\visualstudio\menus\Release\allegro_monolith.pdb' ; l'objet sera lié sans informations de débogage
allegro_monolith-static.lib(shader.obj) : warning LNK4099: PDB 'allegro_monolith.pdb' n'a pu être trouvé avec 'allegro_monolith-static.lib(shader.obj)' ou sur 'C:\Users\acoup\Desktop\visualstudio\menus\Release\allegro_monolith.pdb' ; l'objet sera lié sans informations de débogage
allegro_monolith-static.lib(system.obj) : warning LNK4099: PDB 'allegro_monolith.pdb' n'a pu être trouvé avec 'allegro_monolith-static.lib(system.obj)' ou sur 'C:\Users\acoup\Desktop\visualstudio\menus\Release\allegro_monolith.pdb' ; l'objet sera lié sans informations de débogage
allegro_monolith-static.lib(threads.obj) : warning LNK4099: PDB 'allegro_monolith.pdb' n'a pu être trouvé avec 'allegro_monolith-static.lib(threads.obj)' ou sur 'C:\Users\acoup\Desktop\visualstudio\menus\Release\allegro_monolith.pdb' ; l'objet sera lié sans informations de débogage
allegro_monolith-static.lib(timernu.obj) : warning LNK4099: PDB 'allegro_monolith.pdb' n'a pu être trouvé avec 'allegro_monolith-static.lib(timernu.obj)' ou sur 'C:\Users\acoup\Desktop\visualstudio\menus\Release\allegro_monolith.pdb' ; l'objet sera lié sans informations de débogage
allegro_monolith-static.lib(tls.obj) : warning LNK4099: PDB 'allegro_monolith.pdb' n'a pu être trouvé avec 'allegro_monolith-static.lib(tls.obj)' ou sur 'C:\Users\acoup\Desktop\visualstudio\menus\Release\allegro_monolith.pdb' ; l'objet sera lié sans informations de débogage
allegro_monolith-static.lib(touch_input.obj) : warning LNK4099: PDB 'allegro_monolith.pdb' n'a pu être trouvé avec 'allegro_monolith-static.lib(touch_input.obj)' ou sur 'C:\Users\acoup\Desktop\visualstudio\menus\Release\allegro_monolith.pdb' ; l'objet sera lié sans informations de débogage
allegro_monolith-static.lib(transformations.obj) : warning LNK4099: PDB 'allegro_monolith.pdb' n'a pu être trouvé avec 'allegro_monolith-static.lib(transformations.obj)' ou sur 'C:\Users\acoup\Desktop\visualstudio\menus\Release\allegro_monolith.pdb' ; l'objet sera lié sans informations de débogage
allegro_monolith-static.lib(tri_soft.obj) : warning LNK4099: PDB 'allegro_monolith.pdb' n'a pu être trouvé avec 'allegro_monolith-static.lib(tri_soft.obj)' ou sur 'C:\Users\acoup\Desktop\visualstudio\menus\Release\allegro_monolith.pdb' ; l'objet sera lié sans informations de débogage
allegro_monolith-static.lib(utf8.obj) : warning LNK4099: PDB 'allegro_monolith.pdb' n'a pu être trouvé avec 'allegro_monolith-static.lib(utf8.obj)' ou sur 'C:\Users\acoup\Desktop\visualstudio\menus\Release\allegro_monolith.pdb' ; l'objet sera lié sans informations de débogage
allegro_monolith-static.lib(aatree.obj) : warning LNK4099: PDB 'allegro_monolith.pdb' n'a pu être trouvé avec 'allegro_monolith-static.lib(aatree.obj)' ou sur 'C:\Users\acoup\Desktop\visualstudio\menus\Release\allegro_monolith.pdb' ; l'objet sera lié sans informations de débogage
allegro_monolith-static.lib(bstrlib.obj) : warning LNK4099: PDB 'allegro_monolith.pdb' n'a pu être trouvé avec 'allegro_monolith-static.lib(bstrlib.obj)' ou sur 'C:\Users\acoup\Desktop\visualstudio\menus\Release\allegro_monolith.pdb' ; l'objet sera lié sans informations de débogage
allegro_monolith-static.lib(list.obj) : warning LNK4099: PDB 'allegro_monolith.pdb' n'a pu être trouvé avec 'allegro_monolith-static.lib(list.obj)' ou sur 'C:\Users\acoup\Desktop\visualstudio\menus\Release\allegro_monolith.pdb' ; l'objet sera lié sans informations de débogage
allegro_monolith-static.lib(vector.obj) : warning LNK4099: PDB 'allegro_monolith.pdb' n'a pu être trouvé avec 'allegro_monolith-static.lib(vector.obj)' ou sur 'C:\Users\acoup\Desktop\visualstudio\menus\Release\allegro_monolith.pdb' ; l'objet sera lié sans informations de débogage
allegro_monolith-static.lib(wclipboard.obj) : warning LNK4099: PDB 'allegro_monolith.pdb' n'a pu être trouvé avec 'allegro_monolith-static.lib(wclipboard.obj)' ou sur 'C:\Users\acoup\Desktop\visualstudio\menus\Release\allegro_monolith.pdb' ; l'objet sera lié sans informations de débogage
allegro_monolith-static.lib(whapall.obj) : warning LNK4099: PDB 'allegro_monolith.pdb' n'a pu être trouvé avec 'allegro_monolith-static.lib(whapall.obj)' ou sur 'C:\Users\acoup\Desktop\visualstudio\menus\Release\allegro_monolith.pdb' ; l'objet sera lié sans informations de débogage
allegro_monolith-static.lib(whaptic.obj) : warning LNK4099: PDB 'allegro_monolith.pdb' n'a pu être trouvé avec 'allegro_monolith-static.lib(whaptic.obj)' ou sur 'C:\Users\acoup\Desktop\visualstudio\menus\Release\allegro_monolith.pdb' ; l'objet sera lié sans informations de débogage
allegro_monolith-static.lib(whapxi.obj) : warning LNK4099: PDB 'allegro_monolith.pdb' n'a pu être trouvé avec 'allegro_monolith-static.lib(whapxi.obj)' ou sur 'C:\Users\acoup\Desktop\visualstudio\menus\Release\allegro_monolith.pdb' ; l'objet sera lié sans informations de débogage
allegro_monolith-static.lib(wjoyall.obj) : warning LNK4099: PDB 'allegro_monolith.pdb' n'a pu être trouvé avec 'allegro_monolith-static.lib(wjoyall.obj)' ou sur 'C:\Users\acoup\Desktop\visualstudio\menus\Release\allegro_monolith.pdb' ; l'objet sera lié sans informations de débogage
allegro_monolith-static.lib(wjoydxnu.obj) : warning LNK4099: PDB 'allegro_monolith.pdb' n'a pu être trouvé avec 'allegro_monolith-static.lib(wjoydxnu.obj)' ou sur 'C:\Users\acoup\Desktop\visualstudio\menus\Release\allegro_monolith.pdb' ; l'objet sera lié sans informations de débogage
allegro_monolith-static.lib(wjoyxi.obj) : warning LNK4099: PDB 'allegro_monolith.pdb' n'a pu être trouvé avec 'allegro_monolith-static.lib(wjoyxi.obj)' ou sur 'C:\Users\acoup\Desktop\visualstudio\menus\Release\allegro_monolith.pdb' ; l'objet sera lié sans informations de débogage
allegro_monolith-static.lib(wkeyboard.obj) : warning LNK4099: PDB 'allegro_monolith.pdb' n'a pu être trouvé avec 'allegro_monolith-static.lib(wkeyboard.obj)' ou sur 'C:\Users\acoup\Desktop\visualstudio\menus\Release\allegro_monolith.pdb' ; l'objet sera lié sans informations de débogage
allegro_monolith-static.lib(wmcursor.obj) : warning LNK4099: PDB 'allegro_monolith.pdb' n'a pu être trouvé avec 'allegro_monolith-static.lib(wmcursor.obj)' ou sur 'C:\Users\acoup\Desktop\visualstudio\menus\Release\allegro_monolith.pdb' ; l'objet sera lié sans informations de débogage
allegro_monolith-static.lib(wmouse.obj) : warning LNK4099: PDB 'allegro_monolith.pdb' n'a pu être trouvé avec 'allegro_monolith-static.lib(wmouse.obj)' ou sur 'C:\Users\acoup\Desktop\visualstudio\menus\Release\allegro_monolith.pdb' ; l'objet sera lié sans informations de débogage
allegro_monolith-static.lib(wsystem.obj) : warning LNK4099: PDB 'allegro_monolith.pdb' n'a pu être trouvé avec 'allegro_monolith-static.lib(wsystem.obj)' ou sur 'C:\Users\acoup\Desktop\visualstudio\menus\Release\allegro_monolith.pdb' ; l'objet sera lié sans informations de débogage
allegro_monolith-static.lib(wthread.obj) : warning LNK4099: PDB 'allegro_monolith.pdb' n'a pu être trouvé avec 'allegro_monolith-static.lib(wthread.obj)' ou sur 'C:\Users\acoup\Desktop\visualstudio\menus\Release\allegro_monolith.pdb' ; l'objet sera lié sans informations de débogage
allegro_monolith-static.lib(wtime.obj) : warning LNK4099: PDB 'allegro_monolith.pdb' n'a pu être trouvé avec 'allegro_monolith-static.lib(wtime.obj)' ou sur 'C:\Users\acoup\Desktop\visualstudio\menus\Release\allegro_monolith.pdb' ; l'objet sera lié sans informations de débogage
allegro_monolith-static.lib(wtouch_input.obj) : warning LNK4099: PDB 'allegro_monolith.pdb' n'a pu être trouvé avec 'allegro_monolith-static.lib(wtouch_input.obj)' ou sur 'C:\Users\acoup\Desktop\visualstudio\menus\Release\allegro_monolith.pdb' ; l'objet sera lié sans informations de débogage
allegro_monolith-static.lib(wunicode.obj) : warning LNK4099: PDB 'allegro_monolith.pdb' n'a pu être trouvé avec 'allegro_monolith-static.lib(wunicode.obj)' ou sur 'C:\Users\acoup\Desktop\visualstudio\menus\Release\allegro_monolith.pdb' ; l'objet sera lié sans informations de débogage
allegro_monolith-static.lib(wwindow.obj) : warning LNK4099: PDB 'allegro_monolith.pdb' n'a pu être trouvé avec 'allegro_monolith-static.lib(wwindow.obj)' ou sur 'C:\Users\acoup\Desktop\visualstudio\menus\Release\allegro_monolith.pdb' ; l'objet sera lié sans informations de débogage
allegro_monolith-static.lib(wxthread.obj) : warning LNK4099: PDB 'allegro_monolith.pdb' n'a pu être trouvé avec 'allegro_monolith-static.lib(wxthread.obj)' ou sur 'C:\Users\acoup\Desktop\visualstudio\menus\Release\allegro_monolith.pdb' ; l'objet sera lié sans informations de débogage
allegro_monolith-static.lib(d3d_bmp.obj) : warning LNK4099: PDB 'allegro_monolith.pdb' n'a pu être trouvé avec 'allegro_monolith-static.lib(d3d_bmp.obj)' ou sur 'C:\Users\acoup\Desktop\visualstudio\menus\Release\allegro_monolith.pdb' ; l'objet sera lié sans informations de débogage
allegro_monolith-static.lib(d3d_disp.obj) : warning LNK4099: PDB 'allegro_monolith.pdb' n'a pu être trouvé avec 'allegro_monolith-static.lib(d3d_disp.obj)' ou sur 'C:\Users\acoup\Desktop\visualstudio\menus\Release\allegro_monolith.pdb' ; l'objet sera lié sans informations de débogage
allegro_monolith-static.lib(d3d_display_formats.obj) : warning LNK4099: PDB 'allegro_monolith.pdb' n'a pu être trouvé avec 'allegro_monolith-static.lib(d3d_display_formats.obj)' ou sur 'C:\Users\acoup\Desktop\visualstudio\menus\Release\allegro_monolith.pdb' ; l'objet sera lié sans informations de débogage
allegro_monolith-static.lib(d3d_render_state.obj) : warning LNK4099: PDB 'allegro_monolith.pdb' n'a pu être trouvé avec 'allegro_monolith-static.lib(d3d_render_state.obj)' ou sur 'C:\Users\acoup\Desktop\visualstudio\menus\Release\allegro_monolith.pdb' ; l'objet sera lié sans informations de débogage
allegro_monolith-static.lib(d3d_shader.obj) : warning LNK4099: PDB 'allegro_monolith.pdb' n'a pu être trouvé avec 'allegro_monolith-static.lib(d3d_shader.obj)' ou sur 'C:\Users\acoup\Desktop\visualstudio\menus\Release\allegro_monolith.pdb' ; l'objet sera lié sans informations de débogage
allegro_monolith-static.lib(d3d_d3dx9.obj) : warning LNK4099: PDB 'allegro_monolith.pdb' n'a pu être trouvé avec 'allegro_monolith-static.lib(d3d_d3dx9.obj)' ou sur 'C:\Users\acoup\Desktop\visualstudio\menus\Release\allegro_monolith.pdb' ; l'objet sera lié sans informations de débogage
allegro_monolith-static.lib(extensions.obj) : warning LNK4099: PDB 'allegro_monolith.pdb' n'a pu être trouvé avec 'allegro_monolith-static.lib(extensions.obj)' ou sur 'C:\Users\acoup\Desktop\visualstudio\menus\Release\allegro_monolith.pdb' ; l'objet sera lié sans informations de débogage
allegro_monolith-static.lib(ogl_bitmap.obj) : warning LNK4099: PDB 'allegro_monolith.pdb' n'a pu être trouvé avec 'allegro_monolith-static.lib(ogl_bitmap.obj)' ou sur 'C:\Users\acoup\Desktop\visualstudio\menus\Release\allegro_monolith.pdb' ; l'objet sera lié sans informations de débogage
allegro_monolith-static.lib(ogl_display.obj) : warning LNK4099: PDB 'allegro_monolith.pdb' n'a pu être trouvé avec 'allegro_monolith-static.lib(ogl_display.obj)' ou sur 'C:\Users\acoup\Desktop\visualstudio\menus\Release\allegro_monolith.pdb' ; l'objet sera lié sans informations de débogage
allegro_monolith-static.lib(ogl_draw.obj) : warning LNK4099: PDB 'allegro_monolith.pdb' n'a pu être trouvé avec 'allegro_monolith-static.lib(ogl_draw.obj)' ou sur 'C:\Users\acoup\Desktop\visualstudio\menus\Release\allegro_monolith.pdb' ; l'objet sera lié sans informations de débogage
allegro_monolith-static.lib(ogl_fbo.obj) : warning LNK4099: PDB 'allegro_monolith.pdb' n'a pu être trouvé avec 'allegro_monolith-static.lib(ogl_fbo.obj)' ou sur 'C:\Users\acoup\Desktop\visualstudio\menus\Release\allegro_monolith.pdb' ; l'objet sera lié sans informations de débogage
allegro_monolith-static.lib(ogl_lock.obj) : warning LNK4099: PDB 'allegro_monolith.pdb' n'a pu être trouvé avec 'allegro_monolith-static.lib(ogl_lock.obj)' ou sur 'C:\Users\acoup\Desktop\visualstudio\menus\Release\allegro_monolith.pdb' ; l'objet sera lié sans informations de débogage
allegro_monolith-static.lib(ogl_render_state.obj) : warning LNK4099: PDB 'allegro_monolith.pdb' n'a pu être trouvé avec 'allegro_monolith-static.lib(ogl_render_state.obj)' ou sur 'C:\Users\acoup\Desktop\visualstudio\menus\Release\allegro_monolith.pdb' ; l'objet sera lié sans informations de débogage
allegro_monolith-static.lib(ogl_shader.obj) : warning LNK4099: PDB 'allegro_monolith.pdb' n'a pu être trouvé avec 'allegro_monolith-static.lib(ogl_shader.obj)' ou sur 'C:\Users\acoup\Desktop\visualstudio\menus\Release\allegro_monolith.pdb' ; l'objet sera lié sans informations de débogage
allegro_monolith-static.lib(wgl_disp.obj) : warning LNK4099: PDB 'allegro_monolith.pdb' n'a pu être trouvé avec 'allegro_monolith-static.lib(wgl_disp.obj)' ou sur 'C:\Users\acoup\Desktop\visualstudio\menus\Release\allegro_monolith.pdb' ; l'objet sera lié sans informations de débogage
allegro_monolith-static.lib(line_soft.obj) : warning LNK4099: PDB 'allegro_monolith.pdb' n'a pu être trouvé avec 'allegro_monolith-static.lib(line_soft.obj)' ou sur 'C:\Users\acoup\Desktop\visualstudio\menus\Release\allegro_monolith.pdb' ; l'objet sera lié sans informations de débogage
allegro_monolith-static.lib(point_soft.obj) : warning LNK4099: PDB 'allegro_monolith.pdb' n'a pu être trouvé avec 'allegro_monolith-static.lib(point_soft.obj)' ou sur 'C:\Users\acoup\Desktop\visualstudio\menus\Release\allegro_monolith.pdb' ; l'objet sera lié sans informations de débogage
allegro_monolith-static.lib(prim_directx.obj) : warning LNK4099: PDB 'allegro_monolith.pdb' n'a pu être trouvé avec 'allegro_monolith-static.lib(prim_directx.obj)' ou sur 'C:\Users\acoup\Desktop\visualstudio\menus\Release\allegro_monolith.pdb' ; l'objet sera lié sans informations de débogage
allegro_monolith-static.lib(prim_opengl.obj) : warning LNK4099: PDB 'allegro_monolith.pdb' n'a pu être trouvé avec 'allegro_monolith-static.lib(prim_opengl.obj)' ou sur 'C:\Users\acoup\Desktop\visualstudio\menus\Release\allegro_monolith.pdb' ; l'objet sera lié sans informations de débogage
allegro_monolith-static.lib(prim_soft.obj) : warning LNK4099: PDB 'allegro_monolith.pdb' n'a pu être trouvé avec 'allegro_monolith-static.lib(prim_soft.obj)' ou sur 'C:\Users\acoup\Desktop\visualstudio\menus\Release\allegro_monolith.pdb' ; l'objet sera lié sans informations de débogage
allegro_monolith-static.lib(primitives.obj) : warning LNK4099: PDB 'allegro_monolith.pdb' n'a pu être trouvé avec 'allegro_monolith-static.lib(primitives.obj)' ou sur 'C:\Users\acoup\Desktop\visualstudio\menus\Release\allegro_monolith.pdb' ; l'objet sera lié sans informations de débogage
allegro_monolith-static.lib(directx_shaders.obj) : warning LNK4099: PDB 'allegro_monolith.pdb' n'a pu être trouvé avec 'allegro_monolith-static.lib(directx_shaders.obj)' ou sur 'C:\Users\acoup\Desktop\visualstudio\menus\Release\allegro_monolith.pdb' ; l'objet sera lié sans informations de débogage
allegro_monolith-static.lib(bmp.obj) : warning LNK4099: PDB 'allegro_monolith.pdb' n'a pu être trouvé avec 'allegro_monolith-static.lib(bmp.obj)' ou sur 'C:\Users\acoup\Desktop\visualstudio\menus\Release\allegro_monolith.pdb' ; l'objet sera lié sans informations de débogage
allegro_monolith-static.lib(iio.obj) : warning LNK4099: PDB 'allegro_monolith.pdb' n'a pu être trouvé avec 'allegro_monolith-static.lib(iio.obj)' ou sur 'C:\Users\acoup\Desktop\visualstudio\menus\Release\allegro_monolith.pdb' ; l'objet sera lié sans informations de débogage
allegro_monolith-static.lib(pcx.obj) : warning LNK4099: PDB 'allegro_monolith.pdb' n'a pu être trouvé avec 'allegro_monolith-static.lib(pcx.obj)' ou sur 'C:\Users\acoup\Desktop\visualstudio\menus\Release\allegro_monolith.pdb' ; l'objet sera lié sans informations de débogage
allegro_monolith-static.lib(tga.obj) : warning LNK4099: PDB 'allegro_monolith.pdb' n'a pu être trouvé avec 'allegro_monolith-static.lib(tga.obj)' ou sur 'C:\Users\acoup\Desktop\visualstudio\menus\Release\allegro_monolith.pdb' ; l'objet sera lié sans informations de débogage
allegro_monolith-static.lib(dds.obj) : warning LNK4099: PDB 'allegro_monolith.pdb' n'a pu être trouvé avec 'allegro_monolith-static.lib(dds.obj)' ou sur 'C:\Users\acoup\Desktop\visualstudio\menus\Release\allegro_monolith.pdb' ; l'objet sera lié sans informations de débogage
allegro_monolith-static.lib(identify.obj) : warning LNK4099: PDB 'allegro_monolith.pdb' n'a pu être trouvé avec 'allegro_monolith-static.lib(identify.obj)' ou sur 'C:\Users\acoup\Desktop\visualstudio\menus\Release\allegro_monolith.pdb' ; l'objet sera lié sans informations de débogage
allegro_monolith-static.lib(png.obj) : warning LNK4099: PDB 'allegro_monolith.pdb' n'a pu être trouvé avec 'allegro_monolith-static.lib(png.obj)' ou sur 'C:\Users\acoup\Desktop\visualstudio\menus\Release\allegro_monolith.pdb' ; l'objet sera lié sans informations de débogage
allegro_monolith-static.lib(jpg.obj) : warning LNK4099: PDB 'allegro_monolith.pdb' n'a pu être trouvé avec 'allegro_monolith-static.lib(jpg.obj)' ou sur 'C:\Users\acoup\Desktop\visualstudio\menus\Release\allegro_monolith.pdb' ; l'objet sera lié sans informations de débogage
allegro_monolith-static.lib(webp.obj) : warning LNK4099: PDB 'allegro_monolith.pdb' n'a pu être trouvé avec 'allegro_monolith-static.lib(webp.obj)' ou sur 'C:\Users\acoup\Desktop\visualstudio\menus\Release\allegro_monolith.pdb' ; l'objet sera lié sans informations de débogage
allegro_monolith-static.lib(dialog.obj) : warning LNK4099: PDB 'allegro_monolith.pdb' n'a pu être trouvé avec 'allegro_monolith-static.lib(dialog.obj)' ou sur 'C:\Users\acoup\Desktop\visualstudio\menus\Release\allegro_monolith.pdb' ; l'objet sera lié sans informations de débogage
allegro_monolith-static.lib(menu.obj) : warning LNK4099: PDB 'allegro_monolith.pdb' n'a pu être trouvé avec 'allegro_monolith-static.lib(menu.obj)' ou sur 'C:\Users\acoup\Desktop\visualstudio\menus\Release\allegro_monolith.pdb' ; l'objet sera lié sans informations de débogage
allegro_monolith-static.lib(win_dialog.obj) : warning LNK4099: PDB 'allegro_monolith.pdb' n'a pu être trouvé avec 'allegro_monolith-static.lib(win_dialog.obj)' ou sur 'C:\Users\acoup\Desktop\visualstudio\menus\Release\allegro_monolith.pdb' ; l'objet sera lié sans informations de débogage
jpeg.lib(jcapimin.obj) : warning LNK4099: PDB 'jpeg-static.pdb' n'a pu être trouvé avec 'jpeg.lib(jcapimin.obj)' ou sur 'C:\Users\acoup\Desktop\visualstudio\menus\Release\jpeg-static.pdb' ; l'objet sera lié sans informations de débogage
jpeg.lib(jcapistd.obj) : warning LNK4099: PDB 'jpeg-static.pdb' n'a pu être trouvé avec 'jpeg.lib(jcapistd.obj)' ou sur 'C:\Users\acoup\Desktop\visualstudio\menus\Release\jpeg-static.pdb' ; l'objet sera lié sans informations de débogage
jpeg.lib(jccoefct.obj) : warning LNK4099: PDB 'jpeg-static.pdb' n'a pu être trouvé avec 'jpeg.lib(jccoefct.obj)' ou sur 'C:\Users\acoup\Desktop\visualstudio\menus\Release\jpeg-static.pdb' ; l'objet sera lié sans informations de débogage
jpeg.lib(jccolor.obj) : warning LNK4099: PDB 'jpeg-static.pdb' n'a pu être trouvé avec 'jpeg.lib(jccolor.obj)' ou sur 'C:\Users\acoup\Desktop\visualstudio\menus\Release\jpeg-static.pdb' ; l'objet sera lié sans informations de débogage
jpeg.lib(jcdctmgr.obj) : warning LNK4099: PDB 'jpeg-static.pdb' n'a pu être trouvé avec 'jpeg.lib(jcdctmgr.obj)' ou sur 'C:\Users\acoup\Desktop\visualstudio\menus\Release\jpeg-static.pdb' ; l'objet sera lié sans informations de débogage
jpeg.lib(jchuff.obj) : warning LNK4099: PDB 'jpeg-static.pdb' n'a pu être trouvé avec 'jpeg.lib(jchuff.obj)' ou sur 'C:\Users\acoup\Desktop\visualstudio\menus\Release\jpeg-static.pdb' ; l'objet sera lié sans informations de débogage
jpeg.lib(jcinit.obj) : warning LNK4099: PDB 'jpeg-static.pdb' n'a pu être trouvé avec 'jpeg.lib(jcinit.obj)' ou sur 'C:\Users\acoup\Desktop\visualstudio\menus\Release\jpeg-static.pdb' ; l'objet sera lié sans informations de débogage
jpeg.lib(jcmainct.obj) : warning LNK4099: PDB 'jpeg-static.pdb' n'a pu être trouvé avec 'jpeg.lib(jcmainct.obj)' ou sur 'C:\Users\acoup\Desktop\visualstudio\menus\Release\jpeg-static.pdb' ; l'objet sera lié sans informations de débogage
jpeg.lib(jcmarker.obj) : warning LNK4099: PDB 'jpeg-static.pdb' n'a pu être trouvé avec 'jpeg.lib(jcmarker.obj)' ou sur 'C:\Users\acoup\Desktop\visualstudio\menus\Release\jpeg-static.pdb' ; l'objet sera lié sans informations de débogage
jpeg.lib(jcmaster.obj) : warning LNK4099: PDB 'jpeg-static.pdb' n'a pu être trouvé avec 'jpeg.lib(jcmaster.obj)' ou sur 'C:\Users\acoup\Desktop\visualstudio\menus\Release\jpeg-static.pdb' ; l'objet sera lié sans informations de débogage
jpeg.lib(jcomapi.obj) : warning LNK4099: PDB 'jpeg-static.pdb' n'a pu être trouvé avec 'jpeg.lib(jcomapi.obj)' ou sur 'C:\Users\acoup\Desktop\visualstudio\menus\Release\jpeg-static.pdb' ; l'objet sera lié sans informations de débogage
jpeg.lib(jcparam.obj) : warning LNK4099: PDB 'jpeg-static.pdb' n'a pu être trouvé avec 'jpeg.lib(jcparam.obj)' ou sur 'C:\Users\acoup\Desktop\visualstudio\menus\Release\jpeg-static.pdb' ; l'objet sera lié sans informations de débogage
jpeg.lib(jcphuff.obj) : warning LNK4099: PDB 'jpeg-static.pdb' n'a pu être trouvé avec 'jpeg.lib(jcphuff.obj)' ou sur 'C:\Users\acoup\Desktop\visualstudio\menus\Release\jpeg-static.pdb' ; l'objet sera lié sans informations de débogage
jpeg.lib(jcprepct.obj) : warning LNK4099: PDB 'jpeg-static.pdb' n'a pu être trouvé avec 'jpeg.lib(jcprepct.obj)' ou sur 'C:\Users\acoup\Desktop\visualstudio\menus\Release\jpeg-static.pdb' ; l'objet sera lié sans informations de débogage
jpeg.lib(jcsample.obj) : warning LNK4099: PDB 'jpeg-static.pdb' n'a pu être trouvé avec 'jpeg.lib(jcsample.obj)' ou sur 'C:\Users\acoup\Desktop\visualstudio\menus\Release\jpeg-static.pdb' ; l'objet sera lié sans informations de débogage
jpeg.lib(jdapimin.obj) : warning LNK4099: PDB 'jpeg-static.pdb' n'a pu être trouvé avec 'jpeg.lib(jdapimin.obj)' ou sur 'C:\Users\acoup\Desktop\visualstudio\menus\Release\jpeg-static.pdb' ; l'objet sera lié sans informations de débogage
jpeg.lib(jdapistd.obj) : warning LNK4099: PDB 'jpeg-static.pdb' n'a pu être trouvé avec 'jpeg.lib(jdapistd.obj)' ou sur 'C:\Users\acoup\Desktop\visualstudio\menus\Release\jpeg-static.pdb' ; l'objet sera lié sans informations de débogage
jpeg.lib(jdcoefct.obj) : warning LNK4099: PDB 'jpeg-static.pdb' n'a pu être trouvé avec 'jpeg.lib(jdcoefct.obj)' ou sur 'C:\Users\acoup\Desktop\visualstudio\menus\Release\jpeg-static.pdb' ; l'objet sera lié sans informations de débogage
jpeg.lib(jdcolor.obj) : warning LNK4099: PDB 'jpeg-static.pdb' n'a pu être trouvé avec 'jpeg.lib(jdcolor.obj)' ou sur 'C:\Users\acoup\Desktop\visualstudio\menus\Release\jpeg-static.pdb' ; l'objet sera lié sans informations de débogage
jpeg.lib(jddctmgr.obj) : warning LNK4099: PDB 'jpeg-static.pdb' n'a pu être trouvé avec 'jpeg.lib(jddctmgr.obj)' ou sur 'C:\Users\acoup\Desktop\visualstudio\menus\Release\jpeg-static.pdb' ; l'objet sera lié sans informations de débogage
jpeg.lib(jdhuff.obj) : warning LNK4099: PDB 'jpeg-static.pdb' n'a pu être trouvé avec 'jpeg.lib(jdhuff.obj)' ou sur 'C:\Users\acoup\Desktop\visualstudio\menus\Release\jpeg-static.pdb' ; l'objet sera lié sans informations de débogage
jpeg.lib(jdinput.obj) : warning LNK4099: PDB 'jpeg-static.pdb' n'a pu être trouvé avec 'jpeg.lib(jdinput.obj)' ou sur 'C:\Users\acoup\Desktop\visualstudio\menus\Release\jpeg-static.pdb' ; l'objet sera lié sans informations de débogage
jpeg.lib(jdmainct.obj) : warning LNK4099: PDB 'jpeg-static.pdb' n'a pu être trouvé avec 'jpeg.lib(jdmainct.obj)' ou sur 'C:\Users\acoup\Desktop\visualstudio\menus\Release\jpeg-static.pdb' ; l'objet sera lié sans informations de débogage
jpeg.lib(jdmarker.obj) : warning LNK4099: PDB 'jpeg-static.pdb' n'a pu être trouvé avec 'jpeg.lib(jdmarker.obj)' ou sur 'C:\Users\acoup\Desktop\visualstudio\menus\Release\jpeg-static.pdb' ; l'objet sera lié sans informations de débogage
jpeg.lib(jdmaster.obj) : warning LNK4099: PDB 'jpeg-static.pdb' n'a pu être trouvé avec 'jpeg.lib(jdmaster.obj)' ou sur 'C:\Users\acoup\Desktop\visualstudio\menus\Release\jpeg-static.pdb' ; l'objet sera lié sans informations de débogage
jpeg.lib(jdmerge.obj) : warning LNK4099: PDB 'jpeg-static.pdb' n'a pu être trouvé avec 'jpeg.lib(jdmerge.obj)' ou sur 'C:\Users\acoup\Desktop\visualstudio\menus\Release\jpeg-static.pdb' ; l'objet sera lié sans informations de débogage
jpeg.lib(jdphuff.obj) : warning LNK4099: PDB 'jpeg-static.pdb' n'a pu être trouvé avec 'jpeg.lib(jdphuff.obj)' ou sur 'C:\Users\acoup\Desktop\visualstudio\menus\Release\jpeg-static.pdb' ; l'objet sera lié sans informations de débogage
jpeg.lib(jdpostct.obj) : warning LNK4099: PDB 'jpeg-static.pdb' n'a pu être trouvé avec 'jpeg.lib(jdpostct.obj)' ou sur 'C:\Users\acoup\Desktop\visualstudio\menus\Release\jpeg-static.pdb' ; l'objet sera lié sans informations de débogage
jpeg.lib(jdsample.obj) : warning LNK4099: PDB 'jpeg-static.pdb' n'a pu être trouvé avec 'jpeg.lib(jdsample.obj)' ou sur 'C:\Users\acoup\Desktop\visualstudio\menus\Release\jpeg-static.pdb' ; l'objet sera lié sans informations de débogage
jpeg.lib(jerror.obj) : warning LNK4099: PDB 'jpeg-static.pdb' n'a pu être trouvé avec 'jpeg.lib(jerror.obj)' ou sur 'C:\Users\acoup\Desktop\visualstudio\menus\Release\jpeg-static.pdb' ; l'objet sera lié sans informations de débogage
jpeg.lib(jfdctflt.obj) : warning LNK4099: PDB 'jpeg-static.pdb' n'a pu être trouvé avec 'jpeg.lib(jfdctflt.obj)' ou sur 'C:\Users\acoup\Desktop\visualstudio\menus\Release\jpeg-static.pdb' ; l'objet sera lié sans informations de débogage
jpeg.lib(jfdctfst.obj) : warning LNK4099: PDB 'jpeg-static.pdb' n'a pu être trouvé avec 'jpeg.lib(jfdctfst.obj)' ou sur 'C:\Users\acoup\Desktop\visualstudio\menus\Release\jpeg-static.pdb' ; l'objet sera lié sans informations de débogage
jpeg.lib(jfdctint.obj) : warning LNK4099: PDB 'jpeg-static.pdb' n'a pu être trouvé avec 'jpeg.lib(jfdctint.obj)' ou sur 'C:\Users\acoup\Desktop\visualstudio\menus\Release\jpeg-static.pdb' ; l'objet sera lié sans informations de débogage
jpeg.lib(jidctflt.obj) : warning LNK4099: PDB 'jpeg-static.pdb' n'a pu être trouvé avec 'jpeg.lib(jidctflt.obj)' ou sur 'C:\Users\acoup\Desktop\visualstudio\menus\Release\jpeg-static.pdb' ; l'objet sera lié sans informations de débogage
jpeg.lib(jidctfst.obj) : warning LNK4099: PDB 'jpeg-static.pdb' n'a pu être trouvé avec 'jpeg.lib(jidctfst.obj)' ou sur 'C:\Users\acoup\Desktop\visualstudio\menus\Release\jpeg-static.pdb' ; l'objet sera lié sans informations de débogage
jpeg.lib(jidctint.obj) : warning LNK4099: PDB 'jpeg-static.pdb' n'a pu être trouvé avec 'jpeg.lib(jidctint.obj)' ou sur 'C:\Users\acoup\Desktop\visualstudio\menus\Release\jpeg-static.pdb' ; l'objet sera lié sans informations de débogage
jpeg.lib(jidctred.obj) : warning LNK4099: PDB 'jpeg-static.pdb' n'a pu être trouvé avec 'jpeg.lib(jidctred.obj)' ou sur 'C:\Users\acoup\Desktop\visualstudio\menus\Release\jpeg-static.pdb' ; l'objet sera lié sans informations de débogage
jpeg.lib(jquant1.obj) : warning LNK4099: PDB 'jpeg-static.pdb' n'a pu être trouvé avec 'jpeg.lib(jquant1.obj)' ou sur 'C:\Users\acoup\Desktop\visualstudio\menus\Release\jpeg-static.pdb' ; l'objet sera lié sans informations de débogage
jpeg.lib(jquant2.obj) : warning LNK4099: PDB 'jpeg-static.pdb' n'a pu être trouvé avec 'jpeg.lib(jquant2.obj)' ou sur 'C:\Users\acoup\Desktop\visualstudio\menus\Release\jpeg-static.pdb' ; l'objet sera lié sans informations de débogage
jpeg.lib(jutils.obj) : warning LNK4099: PDB 'jpeg-static.pdb' n'a pu être trouvé avec 'jpeg.lib(jutils.obj)' ou sur 'C:\Users\acoup\Desktop\visualstudio\menus\Release\jpeg-static.pdb' ; l'objet sera lié sans informations de débogage
jpeg.lib(jmemmgr.obj) : warning LNK4099: PDB 'jpeg-static.pdb' n'a pu être trouvé avec 'jpeg.lib(jmemmgr.obj)' ou sur 'C:\Users\acoup\Desktop\visualstudio\menus\Release\jpeg-static.pdb' ; l'objet sera lié sans informations de débogage
jpeg.lib(jmemnobs.obj) : warning LNK4099: PDB 'jpeg-static.pdb' n'a pu être trouvé avec 'jpeg.lib(jmemnobs.obj)' ou sur 'C:\Users\acoup\Desktop\visualstudio\menus\Release\jpeg-static.pdb' ; l'objet sera lié sans informations de débogage
jpeg.lib(jaricom.obj) : warning LNK4099: PDB 'jpeg-static.pdb' n'a pu être trouvé avec 'jpeg.lib(jaricom.obj)' ou sur 'C:\Users\acoup\Desktop\visualstudio\menus\Release\jpeg-static.pdb' ; l'objet sera lié sans informations de débogage
jpeg.lib(jcarith.obj) : warning LNK4099: PDB 'jpeg-static.pdb' n'a pu être trouvé avec 'jpeg.lib(jcarith.obj)' ou sur 'C:\Users\acoup\Desktop\visualstudio\menus\Release\jpeg-static.pdb' ; l'objet sera lié sans informations de débogage
jpeg.lib(jdarith.obj) : warning LNK4099: PDB 'jpeg-static.pdb' n'a pu être trouvé avec 'jpeg.lib(jdarith.obj)' ou sur 'C:\Users\acoup\Desktop\visualstudio\menus\Release\jpeg-static.pdb' ; l'objet sera lié sans informations de débogage
jpeg.lib(jsimd.obj) : warning LNK4099: PDB 'simd.pdb' n'a pu être trouvé avec 'jpeg.lib(jsimd.obj)' ou sur 'C:\Users\acoup\Desktop\visualstudio\menus\Release\simd.pdb' ; l'objet sera lié sans informations de débogage
libpng16.lib(png.obj) : warning LNK4099: PDB 'png_static.pdb' n'a pu être trouvé avec 'libpng16.lib(png.obj)' ou sur 'C:\Users\acoup\Desktop\visualstudio\menus\Release\png_static.pdb' ; l'objet sera lié sans informations de débogage
libpng16.lib(pngerror.obj) : warning LNK4099: PDB 'png_static.pdb' n'a pu être trouvé avec 'libpng16.lib(pngerror.obj)' ou sur 'C:\Users\acoup\Desktop\visualstudio\menus\Release\png_static.pdb' ; l'objet sera lié sans informations de débogage
libpng16.lib(pngget.obj) : warning LNK4099: PDB 'png_static.pdb' n'a pu être trouvé avec 'libpng16.lib(pngget.obj)' ou sur 'C:\Users\acoup\Desktop\visualstudio\menus\Release\png_static.pdb' ; l'objet sera lié sans informations de débogage
libpng16.lib(pngmem.obj) : warning LNK4099: PDB 'png_static.pdb' n'a pu être trouvé avec 'libpng16.lib(pngmem.obj)' ou sur 'C:\Users\acoup\Desktop\visualstudio\menus\Release\png_static.pdb' ; l'objet sera lié sans informations de débogage
libpng16.lib(pngread.obj) : warning LNK4099: PDB 'png_static.pdb' n'a pu être trouvé avec 'libpng16.lib(pngread.obj)' ou sur 'C:\Users\acoup\Desktop\visualstudio\menus\Release\png_static.pdb' ; l'objet sera lié sans informations de débogage
libpng16.lib(pngrio.obj) : warning LNK4099: PDB 'png_static.pdb' n'a pu être trouvé avec 'libpng16.lib(pngrio.obj)' ou sur 'C:\Users\acoup\Desktop\visualstudio\menus\Release\png_static.pdb' ; l'objet sera lié sans informations de débogage
libpng16.lib(pngrtran.obj) : warning LNK4099: PDB 'png_static.pdb' n'a pu être trouvé avec 'libpng16.lib(pngrtran.obj)' ou sur 'C:\Users\acoup\Desktop\visualstudio\menus\Release\png_static.pdb' ; l'objet sera lié sans informations de débogage
libpng16.lib(pngrutil.obj) : warning LNK4099: PDB 'png_static.pdb' n'a pu être trouvé avec 'libpng16.lib(pngrutil.obj)' ou sur 'C:\Users\acoup\Desktop\visualstudio\menus\Release\png_static.pdb' ; l'objet sera lié sans informations de débogage
libpng16.lib(pngset.obj) : warning LNK4099: PDB 'png_static.pdb' n'a pu être trouvé avec 'libpng16.lib(pngset.obj)' ou sur 'C:\Users\acoup\Desktop\visualstudio\menus\Release\png_static.pdb' ; l'objet sera lié sans informations de débogage
libpng16.lib(pngtrans.obj) : warning LNK4099: PDB 'png_static.pdb' n'a pu être trouvé avec 'libpng16.lib(pngtrans.obj)' ou sur 'C:\Users\acoup\Desktop\visualstudio\menus\Release\png_static.pdb' ; l'objet sera lié sans informations de débogage
libpng16.lib(pngwio.obj) : warning LNK4099: PDB 'png_static.pdb' n'a pu être trouvé avec 'libpng16.lib(pngwio.obj)' ou sur 'C:\Users\acoup\Desktop\visualstudio\menus\Release\png_static.pdb' ; l'objet sera lié sans informations de débogage
libpng16.lib(pngwrite.obj) : warning LNK4099: PDB 'png_static.pdb' n'a pu être trouvé avec 'libpng16.lib(pngwrite.obj)' ou sur 'C:\Users\acoup\Desktop\visualstudio\menus\Release\png_static.pdb' ; l'objet sera lié sans informations de débogage
libpng16.lib(pngwtran.obj) : warning LNK4099: PDB 'png_static.pdb' n'a pu être trouvé avec 'libpng16.lib(pngwtran.obj)' ou sur 'C:\Users\acoup\Desktop\visualstudio\menus\Release\png_static.pdb' ; l'objet sera lié sans informations de débogage
libpng16.lib(pngwutil.obj) : warning LNK4099: PDB 'png_static.pdb' n'a pu être trouvé avec 'libpng16.lib(pngwutil.obj)' ou sur 'C:\Users\acoup\Desktop\visualstudio\menus\Release\png_static.pdb' ; l'objet sera lié sans informations de débogage
zlib.lib(adler32.obj) : warning LNK4099: PDB 'zlib.pdb' n'a pu être trouvé avec 'zlib.lib(adler32.obj)' ou sur 'C:\Users\acoup\Desktop\visualstudio\menus\Release\zlib.pdb' ; l'objet sera lié sans informations de débogage
zlib.lib(crc32.obj) : warning LNK4099: PDB 'zlib.pdb' n'a pu être trouvé avec 'zlib.lib(crc32.obj)' ou sur 'C:\Users\acoup\Desktop\visualstudio\menus\Release\zlib.pdb' ; l'objet sera lié sans informations de débogage
zlib.lib(deflate.obj) : warning LNK4099: PDB 'zlib.pdb' n'a pu être trouvé avec 'zlib.lib(deflate.obj)' ou sur 'C:\Users\acoup\Desktop\visualstudio\menus\Release\zlib.pdb' ; l'objet sera lié sans informations de débogage
zlib.lib(inflate.obj) : warning LNK4099: PDB 'zlib.pdb' n'a pu être trouvé avec 'zlib.lib(inflate.obj)' ou sur 'C:\Users\acoup\Desktop\visualstudio\menus\Release\zlib.pdb' ; l'objet sera lié sans informations de débogage
zlib.lib(inftrees.obj) : warning LNK4099: PDB 'zlib.pdb' n'a pu être trouvé avec 'zlib.lib(inftrees.obj)' ou sur 'C:\Users\acoup\Desktop\visualstudio\menus\Release\zlib.pdb' ; l'objet sera lié sans informations de débogage
zlib.lib(inffast.obj) : warning LNK4099: PDB 'zlib.pdb' n'a pu être trouvé avec 'zlib.lib(inffast.obj)' ou sur 'C:\Users\acoup\Desktop\visualstudio\menus\Release\zlib.pdb' ; l'objet sera lié sans informations de débogage
zlib.lib(trees.obj) : warning LNK4099: PDB 'zlib.pdb' n'a pu être trouvé avec 'zlib.lib(trees.obj)' ou sur 'C:\Users\acoup\Desktop\visualstudio\menus\Release\zlib.pdb' ; l'objet sera lié sans informations de débogage
zlib.lib(zutil.obj) : warning LNK4099: PDB 'zlib.pdb' n'a pu être trouvé avec 'zlib.lib(zutil.obj)' ou sur 'C:\Users\acoup\Desktop\visualstudio\menus\Release\zlib.pdb' ; l'objet sera lié sans informations de débogage
webp.lib(alpha_dec.obj) : warning LNK4099: PDB 'webpdecode.pdb' n'a pu être trouvé avec 'webp.lib(alpha_dec.obj)' ou sur 'C:\Users\acoup\Desktop\visualstudio\menus\Release\webpdecode.pdb' ; l'objet sera lié sans informations de débogage
webp.lib(buffer_dec.obj) : warning LNK4099: PDB 'webpdecode.pdb' n'a pu être trouvé avec 'webp.lib(buffer_dec.obj)' ou sur 'C:\Users\acoup\Desktop\visualstudio\menus\Release\webpdecode.pdb' ; l'objet sera lié sans informations de débogage
webp.lib(frame_dec.obj) : warning LNK4099: PDB 'webpdecode.pdb' n'a pu être trouvé avec 'webp.lib(frame_dec.obj)' ou sur 'C:\Users\acoup\Desktop\visualstudio\menus\Release\webpdecode.pdb' ; l'objet sera lié sans informations de débogage
webp.lib(io_dec.obj) : warning LNK4099: PDB 'webpdecode.pdb' n'a pu être trouvé avec 'webp.lib(io_dec.obj)' ou sur 'C:\Users\acoup\Desktop\visualstudio\menus\Release\webpdecode.pdb' ; l'objet sera lié sans informations de débogage
webp.lib(quant_dec.obj) : warning LNK4099: PDB 'webpdecode.pdb' n'a pu être trouvé avec 'webp.lib(quant_dec.obj)' ou sur 'C:\Users\acoup\Desktop\visualstudio\menus\Release\webpdecode.pdb' ; l'objet sera lié sans informations de débogage
webp.lib(tree_dec.obj) : warning LNK4099: PDB 'webpdecode.pdb' n'a pu être trouvé avec 'webp.lib(tree_dec.obj)' ou sur 'C:\Users\acoup\Desktop\visualstudio\menus\Release\webpdecode.pdb' ; l'objet sera lié sans informations de débogage
webp.lib(vp8_dec.obj) : warning LNK4099: PDB 'webpdecode.pdb' n'a pu être trouvé avec 'webp.lib(vp8_dec.obj)' ou sur 'C:\Users\acoup\Desktop\visualstudio\menus\Release\webpdecode.pdb' ; l'objet sera lié sans informations de débogage
webp.lib(vp8l_dec.obj) : warning LNK4099: PDB 'webpdecode.pdb' n'a pu être trouvé avec 'webp.lib(vp8l_dec.obj)' ou sur 'C:\Users\acoup\Desktop\visualstudio\menus\Release\webpdecode.pdb' ; l'objet sera lié sans informations de débogage
webp.lib(webp_dec.obj) : warning LNK4099: PDB 'webpdecode.pdb' n'a pu être trouvé avec 'webp.lib(webp_dec.obj)' ou sur 'C:\Users\acoup\Desktop\visualstudio\menus\Release\webpdecode.pdb' ; l'objet sera lié sans informations de débogage
webp.lib(alpha_processing.obj) : warning LNK4099: PDB 'webpdsp.pdb' n'a pu être trouvé avec 'webp.lib(alpha_processing.obj)' ou sur 'C:\Users\acoup\Desktop\visualstudio\menus\Release\webpdsp.pdb' ; l'objet sera lié sans informations de débogage
webp.lib(cpu.obj) : warning LNK4099: PDB 'webpdsp.pdb' n'a pu être trouvé avec 'webp.lib(cpu.obj)' ou sur 'C:\Users\acoup\Desktop\visualstudio\menus\Release\webpdsp.pdb' ; l'objet sera lié sans informations de débogage
webp.lib(dec.obj) : warning LNK4099: PDB 'webpdsp.pdb' n'a pu être trouvé avec 'webp.lib(dec.obj)' ou sur 'C:\Users\acoup\Desktop\visualstudio\menus\Release\webpdsp.pdb' ; l'objet sera lié sans informations de débogage
webp.lib(dec_clip_tables.obj) : warning LNK4099: PDB 'webpdsp.pdb' n'a pu être trouvé avec 'webp.lib(dec_clip_tables.obj)' ou sur 'C:\Users\acoup\Desktop\visualstudio\menus\Release\webpdsp.pdb' ; l'objet sera lié sans informations de débogage
webp.lib(filters.obj) : warning LNK4099: PDB 'webpdsp.pdb' n'a pu être trouvé avec 'webp.lib(filters.obj)' ou sur 'C:\Users\acoup\Desktop\visualstudio\menus\Release\webpdsp.pdb' ; l'objet sera lié sans informations de débogage
webp.lib(lossless.obj) : warning LNK4099: PDB 'webpdsp.pdb' n'a pu être trouvé avec 'webp.lib(lossless.obj)' ou sur 'C:\Users\acoup\Desktop\visualstudio\menus\Release\webpdsp.pdb' ; l'objet sera lié sans informations de débogage
webp.lib(rescaler.obj) : warning LNK4099: PDB 'webpdsp.pdb' n'a pu être trouvé avec 'webp.lib(rescaler.obj)' ou sur 'C:\Users\acoup\Desktop\visualstudio\menus\Release\webpdsp.pdb' ; l'objet sera lié sans informations de débogage
webp.lib(upsampling.obj) : warning LNK4099: PDB 'webpdsp.pdb' n'a pu être trouvé avec 'webp.lib(upsampling.obj)' ou sur 'C:\Users\acoup\Desktop\visualstudio\menus\Release\webpdsp.pdb' ; l'objet sera lié sans informations de débogage
webp.lib(yuv.obj) : warning LNK4099: PDB 'webpdsp.pdb' n'a pu être trouvé avec 'webp.lib(yuv.obj)' ou sur 'C:\Users\acoup\Desktop\visualstudio\menus\Release\webpdsp.pdb' ; l'objet sera lié sans informations de débogage
webp.lib(alpha_processing_sse41.obj) : warning LNK4099: PDB 'webpdsp.pdb' n'a pu être trouvé avec 'webp.lib(alpha_processing_sse41.obj)' ou sur 'C:\Users\acoup\Desktop\visualstudio\menus\Release\webpdsp.pdb' ; l'objet sera lié sans informations de débogage
webp.lib(dec_sse41.obj) : warning LNK4099: PDB 'webpdsp.pdb' n'a pu être trouvé avec 'webp.lib(dec_sse41.obj)' ou sur 'C:\Users\acoup\Desktop\visualstudio\menus\Release\webpdsp.pdb' ; l'objet sera lié sans informations de débogage
webp.lib(upsampling_sse41.obj) : warning LNK4099: PDB 'webpdsp.pdb' n'a pu être trouvé avec 'webp.lib(upsampling_sse41.obj)' ou sur 'C:\Users\acoup\Desktop\visualstudio\menus\Release\webpdsp.pdb' ; l'objet sera lié sans informations de débogage
webp.lib(yuv_sse41.obj) : warning LNK4099: PDB 'webpdsp.pdb' n'a pu être trouvé avec 'webp.lib(yuv_sse41.obj)' ou sur 'C:\Users\acoup\Desktop\visualstudio\menus\Release\webpdsp.pdb' ; l'objet sera lié sans informations de débogage
webp.lib(alpha_processing_sse2.obj) : warning LNK4099: PDB 'webpdsp.pdb' n'a pu être trouvé avec 'webp.lib(alpha_processing_sse2.obj)' ou sur 'C:\Users\acoup\Desktop\visualstudio\menus\Release\webpdsp.pdb' ; l'objet sera lié sans informations de débogage
webp.lib(dec_sse2.obj) : warning LNK4099: PDB 'webpdsp.pdb' n'a pu être trouvé avec 'webp.lib(dec_sse2.obj)' ou sur 'C:\Users\acoup\Desktop\visualstudio\menus\Release\webpdsp.pdb' ; l'objet sera lié sans informations de débogage
webp.lib(filters_sse2.obj) : warning LNK4099: PDB 'webpdsp.pdb' n'a pu être trouvé avec 'webp.lib(filters_sse2.obj)' ou sur 'C:\Users\acoup\Desktop\visualstudio\menus\Release\webpdsp.pdb' ; l'objet sera lié sans informations de débogage
webp.lib(lossless_sse2.obj) : warning LNK4099: PDB 'webpdsp.pdb' n'a pu être trouvé avec 'webp.lib(lossless_sse2.obj)' ou sur 'C:\Users\acoup\Desktop\visualstudio\menus\Release\webpdsp.pdb' ; l'objet sera lié sans informations de débogage
webp.lib(rescaler_sse2.obj) : warning LNK4099: PDB 'webpdsp.pdb' n'a pu être trouvé avec 'webp.lib(rescaler_sse2.obj)' ou sur 'C:\Users\acoup\Desktop\visualstudio\menus\Release\webpdsp.pdb' ; l'objet sera lié sans informations de débogage
webp.lib(upsampling_sse2.obj) : warning LNK4099: PDB 'webpdsp.pdb' n'a pu être trouvé avec 'webp.lib(upsampling_sse2.obj)' ou sur 'C:\Users\acoup\Desktop\visualstudio\menus\Release\webpdsp.pdb' ; l'objet sera lié sans informations de débogage
webp.lib(yuv_sse2.obj) : warning LNK4099: PDB 'webpdsp.pdb' n'a pu être trouvé avec 'webp.lib(yuv_sse2.obj)' ou sur 'C:\Users\acoup\Desktop\visualstudio\menus\Release\webpdsp.pdb' ; l'objet sera lié sans informations de débogage
webp.lib(cost.obj) : warning LNK4099: PDB 'webpdsp.pdb' n'a pu être trouvé avec 'webp.lib(cost.obj)' ou sur 'C:\Users\acoup\Desktop\visualstudio\menus\Release\webpdsp.pdb' ; l'objet sera lié sans informations de débogage
webp.lib(enc.obj) : warning LNK4099: PDB 'webpdsp.pdb' n'a pu être trouvé avec 'webp.lib(enc.obj)' ou sur 'C:\Users\acoup\Desktop\visualstudio\menus\Release\webpdsp.pdb' ; l'objet sera lié sans informations de débogage
webp.lib(lossless_enc.obj) : warning LNK4099: PDB 'webpdsp.pdb' n'a pu être trouvé avec 'webp.lib(lossless_enc.obj)' ou sur 'C:\Users\acoup\Desktop\visualstudio\menus\Release\webpdsp.pdb' ; l'objet sera lié sans informations de débogage
webp.lib(ssim.obj) : warning LNK4099: PDB 'webpdsp.pdb' n'a pu être trouvé avec 'webp.lib(ssim.obj)' ou sur 'C:\Users\acoup\Desktop\visualstudio\menus\Release\webpdsp.pdb' ; l'objet sera lié sans informations de débogage
webp.lib(cost_sse2.obj) : warning LNK4099: PDB 'webpdsp.pdb' n'a pu être trouvé avec 'webp.lib(cost_sse2.obj)' ou sur 'C:\Users\acoup\Desktop\visualstudio\menus\Release\webpdsp.pdb' ; l'objet sera lié sans informations de débogage
webp.lib(enc_sse2.obj) : warning LNK4099: PDB 'webpdsp.pdb' n'a pu être trouvé avec 'webp.lib(enc_sse2.obj)' ou sur 'C:\Users\acoup\Desktop\visualstudio\menus\Release\webpdsp.pdb' ; l'objet sera lié sans informations de débogage
webp.lib(lossless_enc_sse2.obj) : warning LNK4099: PDB 'webpdsp.pdb' n'a pu être trouvé avec 'webp.lib(lossless_enc_sse2.obj)' ou sur 'C:\Users\acoup\Desktop\visualstudio\menus\Release\webpdsp.pdb' ; l'objet sera lié sans informations de débogage
webp.lib(ssim_sse2.obj) : warning LNK4099: PDB 'webpdsp.pdb' n'a pu être trouvé avec 'webp.lib(ssim_sse2.obj)' ou sur 'C:\Users\acoup\Desktop\visualstudio\menus\Release\webpdsp.pdb' ; l'objet sera lié sans informations de débogage
webp.lib(enc_sse41.obj) : warning LNK4099: PDB 'webpdsp.pdb' n'a pu être trouvé avec 'webp.lib(enc_sse41.obj)' ou sur 'C:\Users\acoup\Desktop\visualstudio\menus\Release\webpdsp.pdb' ; l'objet sera lié sans informations de débogage
webp.lib(lossless_enc_sse41.obj) : warning LNK4099: PDB 'webpdsp.pdb' n'a pu être trouvé avec 'webp.lib(lossless_enc_sse41.obj)' ou sur 'C:\Users\acoup\Desktop\visualstudio\menus\Release\webpdsp.pdb' ; l'objet sera lié sans informations de débogage
webp.lib(alpha_enc.obj) : warning LNK4099: PDB 'webpencode.pdb' n'a pu être trouvé avec 'webp.lib(alpha_enc.obj)' ou sur 'C:\Users\acoup\Desktop\visualstudio\menus\Release\webpencode.pdb' ; l'objet sera lié sans informations de débogage
webp.lib(analysis_enc.obj) : warning LNK4099: PDB 'webpencode.pdb' n'a pu être trouvé avec 'webp.lib(analysis_enc.obj)' ou sur 'C:\Users\acoup\Desktop\visualstudio\menus\Release\webpencode.pdb' ; l'objet sera lié sans informations de débogage
webp.lib(backward_references_cost_enc.obj) : warning LNK4099: PDB 'webpencode.pdb' n'a pu être trouvé avec 'webp.lib(backward_references_cost_enc.obj)' ou sur 'C:\Users\acoup\Desktop\visualstudio\menus\Release\webpencode.pdb' ; l'objet sera lié sans informations de débogage
webp.lib(backward_references_enc.obj) : warning LNK4099: PDB 'webpencode.pdb' n'a pu être trouvé avec 'webp.lib(backward_references_enc.obj)' ou sur 'C:\Users\acoup\Desktop\visualstudio\menus\Release\webpencode.pdb' ; l'objet sera lié sans informations de débogage
webp.lib(config_enc.obj) : warning LNK4099: PDB 'webpencode.pdb' n'a pu être trouvé avec 'webp.lib(config_enc.obj)' ou sur 'C:\Users\acoup\Desktop\visualstudio\menus\Release\webpencode.pdb' ; l'objet sera lié sans informations de débogage
webp.lib(cost_enc.obj) : warning LNK4099: PDB 'webpencode.pdb' n'a pu être trouvé avec 'webp.lib(cost_enc.obj)' ou sur 'C:\Users\acoup\Desktop\visualstudio\menus\Release\webpencode.pdb' ; l'objet sera lié sans informations de débogage
webp.lib(filter_enc.obj) : warning LNK4099: PDB 'webpencode.pdb' n'a pu être trouvé avec 'webp.lib(filter_enc.obj)' ou sur 'C:\Users\acoup\Desktop\visualstudio\menus\Release\webpencode.pdb' ; l'objet sera lié sans informations de débogage
webp.lib(frame_enc.obj) : warning LNK4099: PDB 'webpencode.pdb' n'a pu être trouvé avec 'webp.lib(frame_enc.obj)' ou sur 'C:\Users\acoup\Desktop\visualstudio\menus\Release\webpencode.pdb' ; l'objet sera lié sans informations de débogage
webp.lib(histogram_enc.obj) : warning LNK4099: PDB 'webpencode.pdb' n'a pu être trouvé avec 'webp.lib(histogram_enc.obj)' ou sur 'C:\Users\acoup\Desktop\visualstudio\menus\Release\webpencode.pdb' ; l'objet sera lié sans informations de débogage
webp.lib(iterator_enc.obj) : warning LNK4099: PDB 'webpencode.pdb' n'a pu être trouvé avec 'webp.lib(iterator_enc.obj)' ou sur 'C:\Users\acoup\Desktop\visualstudio\menus\Release\webpencode.pdb' ; l'objet sera lié sans informations de débogage
webp.lib(near_lossless_enc.obj) : warning LNK4099: PDB 'webpencode.pdb' n'a pu être trouvé avec 'webp.lib(near_lossless_enc.obj)' ou sur 'C:\Users\acoup\Desktop\visualstudio\menus\Release\webpencode.pdb' ; l'objet sera lié sans informations de débogage
webp.lib(picture_enc.obj) : warning LNK4099: PDB 'webpencode.pdb' n'a pu être trouvé avec 'webp.lib(picture_enc.obj)' ou sur 'C:\Users\acoup\Desktop\visualstudio\menus\Release\webpencode.pdb' ; l'objet sera lié sans informations de débogage
webp.lib(picture_csp_enc.obj) : warning LNK4099: PDB 'webpencode.pdb' n'a pu être trouvé avec 'webp.lib(picture_csp_enc.obj)' ou sur 'C:\Users\acoup\Desktop\visualstudio\menus\Release\webpencode.pdb' ; l'objet sera lié sans informations de débogage
webp.lib(picture_tools_enc.obj) : warning LNK4099: PDB 'webpencode.pdb' n'a pu être trouvé avec 'webp.lib(picture_tools_enc.obj)' ou sur 'C:\Users\acoup\Desktop\visualstudio\menus\Release\webpencode.pdb' ; l'objet sera lié sans informations de débogage
webp.lib(predictor_enc.obj) : warning LNK4099: PDB 'webpencode.pdb' n'a pu être trouvé avec 'webp.lib(predictor_enc.obj)' ou sur 'C:\Users\acoup\Desktop\visualstudio\menus\Release\webpencode.pdb' ; l'objet sera lié sans informations de débogage
webp.lib(quant_enc.obj) : warning LNK4099: PDB 'webpencode.pdb' n'a pu être trouvé avec 'webp.lib(quant_enc.obj)' ou sur 'C:\Users\acoup\Desktop\visualstudio\menus\Release\webpencode.pdb' ; l'objet sera lié sans informations de débogage
webp.lib(syntax_enc.obj) : warning LNK4099: PDB 'webpencode.pdb' n'a pu être trouvé avec 'webp.lib(syntax_enc.obj)' ou sur 'C:\Users\acoup\Desktop\visualstudio\menus\Release\webpencode.pdb' ; l'objet sera lié sans informations de débogage
webp.lib(token_enc.obj) : warning LNK4099: PDB 'webpencode.pdb' n'a pu être trouvé avec 'webp.lib(token_enc.obj)' ou sur 'C:\Users\acoup\Desktop\visualstudio\menus\Release\webpencode.pdb' ; l'objet sera lié sans informations de débogage
webp.lib(tree_enc.obj) : warning LNK4099: PDB 'webpencode.pdb' n'a pu être trouvé avec 'webp.lib(tree_enc.obj)' ou sur 'C:\Users\acoup\Desktop\visualstudio\menus\Release\webpencode.pdb' ; l'objet sera lié sans informations de débogage
webp.lib(vp8l_enc.obj) : warning LNK4099: PDB 'webpencode.pdb' n'a pu être trouvé avec 'webp.lib(vp8l_enc.obj)' ou sur 'C:\Users\acoup\Desktop\visualstudio\menus\Release\webpencode.pdb' ; l'objet sera lié sans informations de débogage
webp.lib(webp_enc.obj) : warning LNK4099: PDB 'webpencode.pdb' n'a pu être trouvé avec 'webp.lib(webp_enc.obj)' ou sur 'C:\Users\acoup\Desktop\visualstudio\menus\Release\webpencode.pdb' ; l'objet sera lié sans informations de débogage
webp.lib(bit_reader_utils.obj) : warning LNK4099: PDB 'webputils.pdb' n'a pu être trouvé avec 'webp.lib(bit_reader_utils.obj)' ou sur 'C:\Users\acoup\Desktop\visualstudio\menus\Release\webputils.pdb' ; l'objet sera lié sans informations de débogage
webp.lib(color_cache_utils.obj) : warning LNK4099: PDB 'webputils.pdb' n'a pu être trouvé avec 'webp.lib(color_cache_utils.obj)' ou sur 'C:\Users\acoup\Desktop\visualstudio\menus\Release\webputils.pdb' ; l'objet sera lié sans informations de débogage
webp.lib(filters_utils.obj) : warning LNK4099: PDB 'webputils.pdb' n'a pu être trouvé avec 'webp.lib(filters_utils.obj)' ou sur 'C:\Users\acoup\Desktop\visualstudio\menus\Release\webputils.pdb' ; l'objet sera lié sans informations de débogage
webp.lib(huffman_utils.obj) : warning LNK4099: PDB 'webputils.pdb' n'a pu être trouvé avec 'webp.lib(huffman_utils.obj)' ou sur 'C:\Users\acoup\Desktop\visualstudio\menus\Release\webputils.pdb' ; l'objet sera lié sans informations de débogage
webp.lib(quant_levels_dec_utils.obj) : warning LNK4099: PDB 'webputils.pdb' n'a pu être trouvé avec 'webp.lib(quant_levels_dec_utils.obj)' ou sur 'C:\Users\acoup\Desktop\visualstudio\menus\Release\webputils.pdb' ; l'objet sera lié sans informations de débogage
webp.lib(rescaler_utils.obj) : warning LNK4099: PDB 'webputils.pdb' n'a pu être trouvé avec 'webp.lib(rescaler_utils.obj)' ou sur 'C:\Users\acoup\Desktop\visualstudio\menus\Release\webputils.pdb' ; l'objet sera lié sans informations de débogage
webp.lib(random_utils.obj) : warning LNK4099: PDB 'webputils.pdb' n'a pu être trouvé avec 'webp.lib(random_utils.obj)' ou sur 'C:\Users\acoup\Desktop\visualstudio\menus\Release\webputils.pdb' ; l'objet sera lié sans informations de débogage
webp.lib(thread_utils.obj) : warning LNK4099: PDB 'webputils.pdb' n'a pu être trouvé avec 'webp.lib(thread_utils.obj)' ou sur 'C:\Users\acoup\Desktop\visualstudio\menus\Release\webputils.pdb' ; l'objet sera lié sans informations de débogage
webp.lib(utils.obj) : warning LNK4099: PDB 'webputils.pdb' n'a pu être trouvé avec 'webp.lib(utils.obj)' ou sur 'C:\Users\acoup\Desktop\visualstudio\menus\Release\webputils.pdb' ; l'objet sera lié sans informations de débogage
webp.lib(bit_writer_utils.obj) : warning LNK4099: PDB 'webputils.pdb' n'a pu être trouvé avec 'webp.lib(bit_writer_utils.obj)' ou sur 'C:\Users\acoup\Desktop\visualstudio\menus\Release\webputils.pdb' ; l'objet sera lié sans informations de débogage
webp.lib(huffman_encode_utils.obj) : warning LNK4099: PDB 'webputils.pdb' n'a pu être trouvé avec 'webp.lib(huffman_encode_utils.obj)' ou sur 'C:\Users\acoup\Desktop\visualstudio\menus\Release\webputils.pdb' ; l'objet sera lié sans informations de débogage
webp.lib(quant_levels_utils.obj) : warning LNK4099: PDB 'webputils.pdb' n'a pu être trouvé avec 'webp.lib(quant_levels_utils.obj)' ou sur 'C:\Users\acoup\Desktop\visualstudio\menus\Release\webputils.pdb' ; l'objet sera lié sans informations de débogage
  menus.vcxproj -> C:\Users\acoup\Desktop\visualstudio\menus\Release\menus.exe
